<?xml version="1.0" encoding="UTF-8"?>
<!-- Generated by org.testng.reporters.JUnitXMLReporter -->
<testsuite ignored="0" hostname="LAPTOP-7UOI14JD" failures="1" tests="3" name="projectmay" time="91.53" errors="0" timestamp="2022-05-18T19:11:52 IST">
  <testcase classname="com.maven.pack1.PopItemstest" name="laptop" time="25.248"/>
  <testcase classname="com.maven.pack1.PopItemstest" name="spk" time="20.808">
    <failure type="java.lang.AssertionError" message="expected [true] but found [false]">
      <![CDATA[java.lang.AssertionError: expected [true] but found [false]
at com.maven.pack1.PopItemstest.spk(PopItemstest.java:138)
at java.base/java.util.ArrayList.forEach(ArrayList.java:1511)
... Removed 31 stack frames]]>
    </failure>
  </testcase> <!-- spk -->
  <testcase classname="com.maven.pack1.PopItemstest" name="tablet" time="20.314"/>
</testsuite> <!-- projectmay -->
