<?xml version="1.0" encoding="UTF-8"?>
<!-- Generated by org.testng.reporters.JUnitXMLReporter -->
<testsuite ignored="0" hostname="LAPTOP-7UOI14JD" failures="1" tests="3" name="projectmay" time="88.889" errors="0" timestamp="19 May 2022 13:53:56 GMT">
  <testcase classname="com.maven.pack1.PopItemstest" name="laptop" time="22.068"/>
  <testcase classname="com.maven.pack1.PopItemstest" name="spk" time="21.119">
    <failure type="java.lang.AssertionError" message="expected [true] but found [false]">
      <![CDATA[java.lang.AssertionError: expected [true] but found [false]
at com.maven.pack1.PopItemstest.spk(PopItemstest.java:138)
... Removed 32 stack frames]]>
    </failure>
  </testcase> <!-- spk -->
  <testcase classname="com.maven.pack1.PopItemstest" name="tablet" time="20.739"/>
</testsuite> <!-- projectmay -->
