<?xml version="1.0" encoding="UTF-8"?>
<testng-results ignored="0" total="3" passed="2" failed="1" skipped="0">
  <reporter-output>
  </reporter-output>
  <suite started-at="2022-05-19T13:52:27Z" name="Suite1" finished-at="2022-05-19T13:53:55Z" duration-ms="88889">
    <groups>
    </groups>
    <test started-at="2022-05-19T13:52:27Z" name="projectmay" finished-at="2022-05-19T13:53:55Z" duration-ms="88889">
      <class name="com.maven.pack1.PopItemstest">
        <test-method is-config="true" signature="openBrowser()[pri:0, instance:com.maven.pack1.PopItemstest@618b19ad]" started-at="2022-05-19T13:52:27Z" name="openBrowser" finished-at="2022-05-19T13:52:37Z" duration-ms="10234" status="PASS">
          <reporter-output>
          </reporter-output>
        </test-method> <!-- openBrowser -->
        <test-method signature="laptop()[pri:0, instance:com.maven.pack1.PopItemstest@618b19ad]" started-at="2022-05-19T13:52:37Z" name="laptop" finished-at="2022-05-19T13:52:59Z" duration-ms="22068" status="PASS">
          <reporter-output>
          </reporter-output>
        </test-method> <!-- laptop -->
        <test-method is-config="true" signature="closebrowser()[pri:0, instance:com.maven.pack1.PopItemstest@618b19ad]" started-at="2022-05-19T13:52:59Z" name="closebrowser" finished-at="2022-05-19T13:52:59Z" duration-ms="429" status="PASS">
          <reporter-output>
          </reporter-output>
        </test-method> <!-- closebrowser -->
        <test-method is-config="true" signature="openBrowser()[pri:0, instance:com.maven.pack1.PopItemstest@618b19ad]" started-at="2022-05-19T13:52:59Z" name="openBrowser" finished-at="2022-05-19T13:53:05Z" duration-ms="5996" status="PASS">
          <reporter-output>
          </reporter-output>
        </test-method> <!-- openBrowser -->
        <test-method signature="spk()[pri:0, instance:com.maven.pack1.PopItemstest@618b19ad]" started-at="2022-05-19T13:53:05Z" name="spk" finished-at="2022-05-19T13:53:26Z" duration-ms="21119" status="FAIL">
          <exception class="java.lang.AssertionError">
            <message>
              <![CDATA[expected [true] but found [false]]]>
            </message>
            <full-stacktrace>
              <![CDATA[java.lang.AssertionError: expected [true] but found [false]
at org.testng.Assert.fail(Assert.java:96)
at org.testng.Assert.failNotEquals(Assert.java:776)
at org.testng.Assert.assertTrue(Assert.java:44)
at org.testng.Assert.assertTrue(Assert.java:54)
at com.maven.pack1.PopItemstest.spk(PopItemstest.java:138)
at java.base/jdk.internal.reflect.NativeMethodAccessorImpl.invoke0(Native Method)
at java.base/jdk.internal.reflect.NativeMethodAccessorImpl.invoke(NativeMethodAccessorImpl.java:62)
at java.base/jdk.internal.reflect.DelegatingMethodAccessorImpl.invoke(DelegatingMethodAccessorImpl.java:43)
at java.base/java.lang.reflect.Method.invoke(Method.java:566)
at org.testng.internal.MethodInvocationHelper.invokeMethod(MethodInvocationHelper.java:124)
at org.testng.internal.Invoker.invokeMethod(Invoker.java:583)
at org.testng.internal.Invoker.invokeTestMethod(Invoker.java:719)
at org.testng.internal.Invoker.invokeTestMethods(Invoker.java:989)
at org.testng.internal.TestMethodWorker.invokeTestMethods(TestMethodWorker.java:125)
at org.testng.internal.TestMethodWorker.run(TestMethodWorker.java:109)
at org.testng.TestRunner.privateRun(TestRunner.java:648)
at org.testng.TestRunner.run(TestRunner.java:505)
at org.testng.SuiteRunner.runTest(SuiteRunner.java:455)
at org.testng.SuiteRunner.runSequentially(SuiteRunner.java:450)
at org.testng.SuiteRunner.privateRun(SuiteRunner.java:415)
at org.testng.SuiteRunner.run(SuiteRunner.java:364)
at org.testng.SuiteRunnerWorker.runSuite(SuiteRunnerWorker.java:52)
at org.testng.SuiteRunnerWorker.run(SuiteRunnerWorker.java:84)
at org.testng.TestNG.runSuitesSequentially(TestNG.java:1208)
at org.testng.TestNG.runSuitesLocally(TestNG.java:1137)
at org.testng.TestNG.runSuites(TestNG.java:1049)
at org.testng.TestNG.run(TestNG.java:1017)
at org.apache.maven.surefire.testng.TestNGExecutor.run(TestNGExecutor.java:295)
at org.apache.maven.surefire.testng.TestNGXmlTestSuite.execute(TestNGXmlTestSuite.java:84)
at org.apache.maven.surefire.testng.TestNGProvider.invoke(TestNGProvider.java:90)
at org.apache.maven.surefire.booter.ForkedBooter.invokeProviderInSameClassLoader(ForkedBooter.java:203)
at org.apache.maven.surefire.booter.ForkedBooter.runSuitesInProcess(ForkedBooter.java:155)
at org.apache.maven.surefire.booter.ForkedBooter.main(ForkedBooter.java:103)
]]>
            </full-stacktrace>
          </exception> <!-- java.lang.AssertionError -->
          <reporter-output>
          </reporter-output>
        </test-method> <!-- spk -->
        <test-method is-config="true" signature="closebrowser()[pri:0, instance:com.maven.pack1.PopItemstest@618b19ad]" started-at="2022-05-19T13:53:26Z" name="closebrowser" finished-at="2022-05-19T13:53:27Z" duration-ms="393" status="PASS">
          <reporter-output>
          </reporter-output>
        </test-method> <!-- closebrowser -->
        <test-method is-config="true" signature="openBrowser()[pri:0, instance:com.maven.pack1.PopItemstest@618b19ad]" started-at="2022-05-19T13:53:27Z" name="openBrowser" finished-at="2022-05-19T13:53:34Z" duration-ms="7550" status="PASS">
          <reporter-output>
          </reporter-output>
        </test-method> <!-- openBrowser -->
        <test-method signature="tablet()[pri:0, instance:com.maven.pack1.PopItemstest@618b19ad]" started-at="2022-05-19T13:53:34Z" name="tablet" finished-at="2022-05-19T13:53:55Z" duration-ms="20739" status="PASS">
          <reporter-output>
          </reporter-output>
        </test-method> <!-- tablet -->
        <test-method is-config="true" signature="closebrowser()[pri:0, instance:com.maven.pack1.PopItemstest@618b19ad]" started-at="2022-05-19T13:53:55Z" name="closebrowser" finished-at="2022-05-19T13:53:55Z" duration-ms="273" status="PASS">
          <reporter-output>
          </reporter-output>
        </test-method> <!-- closebrowser -->
      </class> <!-- com.maven.pack1.PopItemstest -->
    </test> <!-- projectmay -->
  </suite> <!-- Suite1 -->
</testng-results>
